# This file contains records of the past builds of the project.
# Each record is placed at a separate line and contains such info:
#  - build duration;
#  - username of the computer where the build was run;
#  - timestamp of the build end;
#  - versions of key Spine modules used for the build.
#
# Please do not edit this file by hand.
#
2:42 :: sanders :: 2025-09-29T15:14:01.038331Z :: Compiler:2.0.0-SNAPSHOT.016;CoreJvmCompiler:2.0.0-SNAPSHOT.008;CoreJvm:2.0.0-SNAPSHOT.330;Validation:2.0.0-SNAPSHOT.351
2:35 :: sanders :: 2025-09-29T15:03:45.379682Z :: Compiler:2.0.0-SNAPSHOT.016;CoreJvmCompiler:2.0.0-SNAPSHOT.008;CoreJvm:2.0.0-SNAPSHOT.330;Validation:2.0.0-SNAPSHOT.351
2:40 :: sanders :: 2025-09-29T14:43:42.899204Z :: Compiler:2.0.0-SNAPSHOT.016;CoreJvmCompiler:2.0.0-SNAPSHOT.008;CoreJvm:2.0.0-SNAPSHOT.330;Validation:2.0.0-SNAPSHOT.351
2:40 :: sanders :: 2025-09-29T14:39:46.745251Z :: Compiler:2.0.0-SNAPSHOT.016;CoreJvmCompiler:2.0.0-SNAPSHOT.008;CoreJvm:2.0.0-SNAPSHOT.330;Validation:2.0.0-SNAPSHOT.351
2:46 :: sanders :: 2025-09-29T14:35:59.938425Z :: Compiler:2.0.0-SNAPSHOT.016;CoreJvmCompiler:2.0.0-SNAPSHOT.008;CoreJvm:2.0.0-SNAPSHOT.330;Validation:2.0.0-SNAPSHOT.351
1:32 :: sanders :: 2025-03-09T15:08:08.584716Z :: core:2.0.0-SNAPSHOT.201;ProtoData:0.92.11;Validation:2.0.0-SNAPSHOT.301;mc-java:2.0.0-SNAPSHOT.266
1:37 :: sanders :: 2025-03-09T15:04:33.724061Z :: core:2.0.0-SNAPSHOT.201;ProtoData:0.92.11;Validation:2.0.0-SNAPSHOT.301;mc-java:2.0.0-SNAPSHOT.266
4:23 :: ddashenkov :: 2023-07-03T09:49:57.699868Z :: core:2.0.0-SNAPSHOT.141;ProtoData:0.8.5;Validation:2.0.0-SNAPSHOT.81;mc-java:2.0.0-SNAPSHOT.151
4:20 :: ddashenkov :: 2023-07-03T08:02:54.834609Z :: core:2.0.0-SNAPSHOT.141;ProtoData:0.8.5;Validation:2.0.0-SNAPSHOT.81;mc-java:2.0.0-SNAPSHOT.151
5:51 :: ddashenkov :: 2023-06-27T12:00:52.733963Z :: core:2.0.0-SNAPSHOT.141;ProtoData:0.8.5;Validation:2.0.0-SNAPSHOT.81;mc-java:2.0.0-SNAPSHOT.151
5:47 :: ddashenkov :: 2023-06-27T10:33:46.829737Z :: core:2.0.0-SNAPSHOT.141;ProtoData:0.8.5;Validation:2.0.0-SNAPSHOT.81;mc-java:2.0.0-SNAPSHOT.151
5:31 :: ddashenkov :: 2023-06-27T10:25:45.749858Z :: core:2.0.0-SNAPSHOT.141;ProtoData:0.8.5;Validation:2.0.0-SNAPSHOT.81;mc-java:2.0.0-SNAPSHOT.151
3:54 :: ddashenkov :: 2023-06-27T09:26:12.968953Z :: core:2.0.0-SNAPSHOT.141;ProtoData:0.8.5;Validation:2.0.0-SNAPSHOT.81;mc-java:2.0.0-SNAPSHOT.151